I tensorflow/stream_executor/dso_loader.cc:108] successfully opened CUDA library libcublas.so locally
I tensorflow/stream_executor/dso_loader.cc:108] successfully opened CUDA library libcudnn.so locally
I tensorflow/stream_executor/dso_loader.cc:108] successfully opened CUDA library libcufft.so locally
I tensorflow/stream_executor/dso_loader.cc:108] successfully opened CUDA library libcuda.so locally
I tensorflow/stream_executor/dso_loader.cc:108] successfully opened CUDA library libcurand.so locally
I tensorflow/stream_executor/cuda/cuda_gpu_executor.cc:924] successful NUMA node read from SysFS had negative value (-1), but there must be at least one NUMA node, so returning NUMA node zero
I tensorflow/core/common_runtime/gpu/gpu_init.cc:102] Found device 0 with properties: 
name: GeForce GTX 660
major: 3 minor: 0 memoryClockRate (GHz) 1.0975
pciBusID 0000:01:00.0
Total memory: 2.00GiB
Free memory: 1.63GiB
I tensorflow/core/common_runtime/gpu/gpu_init.cc:126] DMA: 0 
I tensorflow/core/common_runtime/gpu/gpu_init.cc:136] 0:   Y 
I tensorflow/core/common_runtime/gpu/gpu_device.cc:806] Creating TensorFlow device (/gpu:0) -> (device: 0, name: GeForce GTX 660, pci bus id: 0000:01:00.0)
800
Tensor("BasicRNNCell_4/Tanh:0", shape=(1, 1), dtype=float32)
0.703619797328
printing diff
-1.38013102661
0.693448410837
printing diff
0.0497685532098
0.692638036381
printing diff
0.0127669991331
0.692516235297
printing diff
0.0032085703222
0.692452050792
printing diff
0.000884214838097
0.692406540147
printing diff
0.000307796744441
0.692373418092
printing diff
0.0001540341425
0.692349047252
printing diff
0.000104649717429
0.692330901778
printing diff
8.26262860781e-05
0.692317254328
printing diff
6.9336912062e-05
0.692306886403
printing diff
5.94009893559e-05
0.692298942946
printing diff
5.09322808592e-05
0.692292811575
printing diff
4.45949419567e-05
0.692288032014
printing diff
3.84528287809e-05
0.692284283933
printing diff
3.38009809224e-05
0.692281317875
printing diff
2.94088869728e-05
0.692278946819
printing diff
2.58596131441e-05
0.692277022834
printing diff
2.26658784105e-05
0.692275447601
printing diff
2.00837813271e-05
0.692274141744
printing diff
1.76980289559e-05
0.692273037902
printing diff
1.54149994832e-05
0.692272084675
printing diff
1.38041820933e-05
0.692271250285
printing diff
1.21489782655e-05
0.692270503996
printing diff
1.07594962711e-05
0.692269827233
printing diff
9.43655663355e-06
0.692269190456
printing diff
8.40425491333e-06
0.692268595006
printing diff
7.47094613884e-06
0.692268022533
printing diff
6.32659663846e-06
0.692267471544
printing diff
5.75166172323e-06
0.692266928314
printing diff
5.2243210048e-06
0.692266389038
printing diff
4.36307491736e-06
0.692265853789
printing diff
3.9027241503e-06
0.692265323987
printing diff
3.23110886002e-06
0.692264788515
printing diff
2.87556976497e-06
0.692264253789
printing diff
2.47967258105e-06
0.69226371302
printing diff
2.3088407457e-06
0.692263164493
printing diff
1.81812816336e-06
0.692262612535
printing diff
1.66788566691e-06
0.692262057593
printing diff
1.28847487424e-06
0.6922614934
printing diff
1.10033605816e-06
0.692260923016
printing diff
9.45244623241e-07
0.692260347708
printing diff
4.93994940842e-07
0.692259763597
printing diff
3.74934849279e-07
0.692259181277
printing diff
4.52592465394e-07
0.692258583365
printing diff
3.57031076259e-07
0.692257980978
printing diff
1.9746369806e-07
0.692257377248
printing diff
-1.74561788358e-08
0.692256763149
printing diff
1.04438676596e-08
0.69225614517
printing diff
-3.16225393315e-07
0.692255519806
printing diff
-1.20925067737e-07
0.692254891682
printing diff
-5.10928926278e-07
0.692254249981
printing diff
-5.12122511065e-07
0.692253610667
printing diff
-6.29392225227e-07
0.692252959492
printing diff
-5.60984892095e-07
0.692252305258
printing diff
-6.02461966426e-07
0.69225164901
printing diff
-5.83886801797e-07
0.692250983736
printing diff
-5.65311637168e-07
0.692250305854
printing diff
-7.46363543191e-07
0.69224963215
printing diff
-8.5490516788e-07
0.692248941885
printing diff
-7.35621279224e-07
0.692248257663
printing diff
-7.65983094619e-07
0.692247558371
printing diff
-9.06602312778e-07
0.692246859005
printing diff
-8.29093894983e-07
0.692246151209
printing diff
-8.78180072883e-07
0.6922454273
printing diff
-1.08646063401e-06
0.692244709284
printing diff
-9.27863043398e-07
0.692243983435
printing diff
-7.85080452537e-07
0.692243246173
printing diff
-8.1894842352e-07
0.692242502569
printing diff
-1.00223830102e-06
0.69224175076
printing diff
-1.07034723817e-06
0.692240996041
printing diff
-1.05684480911e-06
0.692240229163
printing diff
-9.50093561825e-07
0.692239462061
printing diff
-8.85192384059e-07
0.692238682949
printing diff
-9.82693348806e-07
0.692237901822
printing diff
-8.72137549512e-07
0.692237101672
printing diff
-1.06870605887e-06
0.692236299061
printing diff
-1.00022412652e-06
0.692235490631
printing diff
-1.10175344026e-06
0.69223467407
printing diff
-9.18612760636e-07
0.692233843857
printing diff
-1.08079110572e-06
0.6922330126
printing diff
-7.69489250096e-07
0.692232163886
printing diff
-1.16053749533e-06
0.6922313101
printing diff
-9.41962264855e-07
0.692230448556
printing diff
-8.60723894158e-07
0.692229576418
printing diff
-9.38306911058e-07
0.692228693911
printing diff
-1.10048525626e-06
0.69222780014
printing diff
-8.78180072994e-07
0.692226899879
printing diff
-9.63222995365e-07
0.692225988129
printing diff
-9.32786581087e-07
0.69222506601
printing diff
-1.04453596517e-06
0.692224130463
printing diff
-1.01432334798e-06
0.692223185443
printing diff
-8.89593728348e-07
0.692222232141
printing diff
-8.14472480126e-07
0.692221265636
printing diff
-7.25625005971e-07
0.692220288463
printing diff
-8.52368799986e-07
0.692219292192
printing diff
-1.02170865435e-06
0.69221829264
printing diff
-6.54009913337e-07
0.692217280629
printing diff
-8.55128964972e-07
0.692216250267
printing diff
-9.63745188876e-07
0.692215214683
printing diff
-6.85938308709e-07
0.692214160598
printing diff
-8.55651158482e-07
0.692213087864
printing diff
-6.82581351219e-07
0.692212010952
printing diff
-7.19806279692e-07
0.692210915688
printing diff
-8.29616088271e-07
0.69220981013
printing diff
-6.7355486566e-07
0.692208680999
printing diff
-5.17195246852e-07
0.692207540976
printing diff
-7.44274769704e-07
0.692206392822
printing diff
-6.58485856508e-07
0.69220521729
printing diff
-5.28310506009e-07
0.692204034075
printing diff
-4.94964728537e-07
0.692202826018
printing diff
-6.68929724279e-07
0.692201610277
printing diff
-5.28385105114e-07
0.692200369545
printing diff
-4.61991946255e-07
0.692199119042
printing diff
-2.30585678329e-07
0.692197849962
printing diff
-4.99142275623e-07
0.692196556266
printing diff
-4.36777465751e-07
0.692195246157
printing diff
-2.16038862688e-07
0.692193919562
printing diff
-3.53002727271e-07
0.692192573571
printing diff
-1.64416316784e-07
0.692191202739
printing diff
-2.88026950512e-07
0.692189813332
printing diff
-1.65833698773e-07
0.692188404901
printing diff
1.60387967352e-08
0.692186977822
printing diff
-2.07086976012e-07
0.692185519932
printing diff
5.24431355009e-08
0.692184048093
printing diff
2.65348837791e-07
0.692182548876
printing diff
-9.51883938338e-08
0.692181029964
printing diff
1.52629666128e-07
0.69217948457
printing diff
2.56098555029e-07
0.692177911873
printing diff
1.23759831938e-07
0.692176321048
printing diff
4.54681238882e-07
0.692174700458
printing diff
2.68631196287e-07
0.692173053983
printing diff
4.51921073896e-07
0.692171382367
printing diff
4.6348392746e-07
0.692169678152
printing diff
7.3412929813e-07
0.692167953944
printing diff
7.05707058235e-07
0.692166203328
printing diff
7.62029344736e-07
0.692164420634
printing diff
9.90004056067e-07
0.692162600119
printing diff
8.02238235176e-07
0.692160757522
printing diff
1.05572582332e-06
0.69215888419
printing diff
1.14942223617e-06
0.69215697714
printing diff
1.19694183409e-06
0.692155038609
printing diff
1.32077626502e-06
0.692153063823
printing diff
1.37806833911e-06
0.692151052483
printing diff
1.59738956018e-06
0.692149016302
printing diff
1.62514040858e-06
0.692146941553
printing diff
1.95091448074e-06
0.692144831594
printing diff
1.90727403382e-06
0.692142684334
printing diff
2.08556577463e-06
0.69214049903
printing diff
2.20977320098e-06
0.692138275456
printing diff
2.21902348374e-06
0.692136014806
printing diff
2.43230218133e-06
0.69213371335
printing diff
2.7855287057e-06
0.692131371239
printing diff
2.82611059166e-06
0.692128993394
printing diff
3.13189211709e-06
0.692126568178
printing diff
3.08362652868e-06
0.692124097756
printing diff
3.36926630951e-06
0.692121587796
printing diff
3.59410786066e-06
0.69211903912
printing diff
3.81365287883e-06
0.692116439566
printing diff
4.05557761352e-06
0.692113795403
printing diff
4.38814019987e-06
0.692111103123
printing diff
4.4308854581e-06
0.692108370037
printing diff
4.70585757417e-06
0.692105582867
printing diff
4.96464169519e-06
0.692102754444
printing diff
5.32547732313e-06
0.692099872459
printing diff
5.68825252667e-06
0.69209694094
printing diff
5.80350806623e-06
0.692093963393
printing diff
6.29668241747e-06
0.69209092848
printing diff
6.51652583195e-06
0.692087853059
printing diff
6.87042374781e-06
0.692084717586
printing diff
7.38456043348e-06
0.692081533699
printing diff
7.67422856318e-06
0.692078299755
printing diff
8.14218843381e-06
0.692075005386
printing diff
8.4385704785e-06
0.692071667228
printing diff
9.08683626466e-06
0.692068273418
printing diff
9.52637389551e-06
0.692064822541
printing diff
1.00020920678e-05
0.692061325486
printing diff
1.05274932107e-05
0.692057769648
printing diff
1.09040692392e-05
0.69205415965
printing diff
1.15371168182e-05
0.691433862169
printing diff
-0.000225909287401
0.692050127124
printing diff
0.000190429902345
0.692046453419
printing diff
5.06464918802e-05
0.692042615073
printing diff
2.23464452579e-05
0.692038748306
printing diff
1.62966857118e-05
0.692034860949
printing diff
1.56608033687e-05
0.692030940321
printing diff
1.60461074867e-05
0.69202697665
printing diff
1.66775138865e-05
0.692022970084
printing diff
1.75149628755e-05
0.692018919803
printing diff
1.84205954007e-05
0.692014826926
printing diff
1.91979921506e-05
0.692010694138
printing diff
2.01894135887e-05
0.692006520097
printing diff
2.10117189696e-05
0.692002312114
printing diff
2.22476761093e-05
0.691998061758
printing diff
2.31721075963e-05
0.69199378768
printing diff
2.44032903965e-05
0.691989481076
printing diff
2.54440964088e-05
0.691985151422
printing diff
2.65804638105e-05
0.69198079521
printing diff
2.7788893899e-05
0.691976425719
printing diff
2.91299611068e-05
0.691972033476
printing diff
3.04496183862e-05
0.691967635489
printing diff
3.18991526196e-05
0.691963226386
printing diff
3.29988172864e-05
0.691958816836
printing diff
3.45812124364e-05
0.691954407585
printing diff
3.59201162718e-05
0.69195000915
printing diff
3.74749843707e-05
0.691945622054
printing diff
3.89919561499e-05
0.691941249057
printing diff
4.04094873889e-05
0.691936900007
printing diff
4.21823339259e-05
0.691932579752
printing diff
4.36359711075e-05
0.691928290306
printing diff
4.50772994451e-05
0.691924041219
printing diff
4.68235887185e-05
0.691919834056
printing diff
4.85230297858e-05
0.691915676874
printing diff
4.98896098704e-05
0.691911575194
printing diff
5.14906547843e-05
0.691907537371
printing diff
5.29366082632e-05
0.69190355699
printing diff
5.45172876351e-05
0.691899656205
printing diff
5.6055818541e-05
0.691895829348
printing diff
5.74982658644e-05
0.691892081342
printing diff
5.88408996525e-05
0.691888415619
printing diff
6.03122168101e-05
0.691884843071
printing diff
6.13998710288e-05
0.691881359444
printing diff
6.26832731674e-05
0.691877972423
printing diff
6.38394093185e-05
0.691874681038
printing diff
6.49147546933e-05
0.691871492675
printing diff
6.58011406623e-05
0.69186840584
printing diff
6.65809245819e-05
0.691865417178
printing diff
6.72782019471e-05
0.691862536163
printing diff
6.80306826127e-05
0.691859764584
printing diff
6.85364642042e-05
0.691857089984
printing diff
6.8831801862e-05
0.691854520718
printing diff
6.92763376295e-05
0.691852054697
printing diff
6.93705562358e-05
0.691849683343
printing diff
6.93883854098e-05
0.691847417471
printing diff
6.9549220972e-05
0.691845241267
printing diff
6.93202018738e-05
0.691843156746
printing diff
6.90296385554e-05
0.69184116525
printing diff
6.85119957142e-05
0.691839260661
printing diff
6.83153526058e-05
0.691837435148
printing diff
6.77762998359e-05
0.691835686322
printing diff
6.69641399265e-05
0.691834010902
printing diff
6.65004322018e-05
0.69183240844
printing diff
6.55711517764e-05
0.691830870655
printing diff
6.47846539418e-05
0.691829390013
printing diff
6.38745454733e-05
0.691827963753
printing diff
6.3047614951e-05
0.691826596875
printing diff
6.20735004936e-05
0.691825266699
printing diff
6.12246378492e-05
0.691823982924
printing diff
6.01234812014e-05
0.691822744803
printing diff
5.9014640851e-05
0.691821540551
printing diff
5.82468673792e-05
0.691820359051
printing diff
5.71540658256e-05
0.691819216939
printing diff
5.62863296203e-05
0.691818086764
printing diff
5.53472021196e-05
0.69181698516
printing diff
5.44674554664e-05
0.691815899594
printing diff
5.35629419273e-05
0.691814823354
printing diff
5.24780478733e-05
0.691813764345
printing diff
5.21233293679e-05
0.691812709067
printing diff
5.10351529558e-05
0.691811663039
printing diff
5.05706246415e-05
0.691810616041
printing diff
4.99498859067e-05
0.691809574191
printing diff
4.91654022464e-05
0.691808530401
printing diff
4.89834551519e-05
0.691807478629
printing diff
4.8090355268e-05
0.691806429692
printing diff
4.78190385057e-05
0.691805360911
printing diff
4.76584267407e-05
0.691804292578
printing diff
4.7172786894e-05
0.691803211638
printing diff
4.70583519441e-05
0.691802111078
printing diff
4.67659982483e-05
0.691801003506
printing diff
4.6908557042e-05
0.691799870197
printing diff
4.67838274224e-05
0.691798728085
printing diff
4.6769579003e-05
0.691797558447
printing diff
4.69656253189e-05
0.691796367547
printing diff
4.70097133604e-05
0.691795154567
printing diff
4.73145250981e-05
0.691793918908
printing diff
4.76294077084e-05
0.691792653484
printing diff
4.80012839966e-05
0.691791357699
printing diff
4.83745030676e-05
0.691790035953
printing diff
4.89974797742e-05
0.691788676161
printing diff
4.95271330632e-05
0.691787282278
printing diff
4.9984425269e-05
0.691785852512
printing diff
5.08889388083e-05
0.691784383731
printing diff
5.14843884636e-05
0.691782877726
printing diff
5.27182568298e-05
0.691781323977
printing diff
5.32276191759e-05
0.69177972696
printing diff
5.43916628268e-05
0.69177807392
printing diff
5.5339518417e-05
0.691776372241
printing diff
5.65332524917e-05
0.691774615806
printing diff
5.77417571792e-05
0.691772803422
printing diff
5.90123282804e-05
0.691770925465
printing diff
6.04763347306e-05
0.691768980817
printing diff
6.18836458991e-05
0.691766967762
printing diff
6.33257202273e-05
0.691764881375
printing diff
6.51621997581e-05
0.691762723075
printing diff
6.67765979027e-05
0.691760471825
printing diff
6.87056548605e-05
0.691758137098
printing diff
7.05737643903e-05
0.691755700992
printing diff
7.26083790108e-05
0.69175316992
printing diff
7.47429563643e-05
0.69175053083
printing diff
7.71084923917e-05
0.691747776036
printing diff
7.95235621914e-05
0.691744899422
printing diff
8.19227423925e-05
0.691741893751
printing diff
8.47071521124e-05
0.691738743433
printing diff
8.74553812907e-05
0.691735447497
printing diff
9.02652292885e-05
0.691731990353
printing diff
9.3551541449e-05
0.691728354396
printing diff
9.64234558603e-05
0.691724541787
printing diff
0.000100014803556
0.691720527314
printing diff
0.000103487240358
0.691716301874
printing diff
0.000107105070718
0.691711849131
printing diff
0.000110991233878
0.69170714581
printing diff
0.000114980269135
0.691702178632
printing diff
0.000118944462906
0.691696931707
printing diff
0.000123320294262
0.691691386536
printing diff
0.000127706121891
0.691685502684
printing diff
0.000132345810104
0.691679266949
printing diff
0.000136791689972
0.691672655981
printing diff
0.00014144674559
0.691665635166
printing diff
0.000146329775919
0.691658185555
printing diff
0.000151252642143
0.691650254556
printing diff
0.000155945071888
0.691641826355
printing diff
0.000160921649431
0.691632867456
printing diff
0.000165594310426
0.691623324745
printing diff
0.000170430567148
0.691613167412
printing diff
0.000174967905458
0.691602358755
printing diff
0.000179378276176
0.69159084275
printing diff
0.0001834408661
0.691578589184
printing diff
0.000187439300838
0.691565548449
printing diff
0.000190874587311
0.691551664819
printing diff
0.000194013566338
0.691536903531
printing diff
0.000196824384124
0.69152120222
printing diff
0.000199375000406
0.691504521797
printing diff
0.000200659148535
0.691486806685
printing diff
0.000202402304648
0.691468013094
printing diff
0.000203025355954
0.691448089327
printing diff
0.000203383282219
0.691426983017
printing diff
0.000203240798024
0.691404660294
printing diff
0.000202637664666
0.691381059167
printing diff
0.00020176843648
0.691356146365
printing diff
0.000200405511749
0.69132988802
printing diff
0.000198703459715
0.691302254069
printing diff
0.000196691672405
0.691273193783
printing diff
0.000194510992836
0.691242697093
printing diff
0.000192039749948
0.691210745572
printing diff
0.000189126582259
0.691177322062
printing diff
0.000186640270362
0.691142427086
printing diff
0.00018370449916
0.691106073997
printing diff
0.000180852875692
0.691068268315
printing diff
0.00017766846584
0.691029022274
printing diff
0.000174222138707
0.690988375338
printing diff
0.000171298004957
0.690946374503
printing diff
0.000167918518577
0.690903051252
printing diff
0.000164204455437
0.690858468842
printing diff
0.000160898374526
0.690812698592
printing diff
0.000157171405749
0.690765806447
printing diff
0.000153460251972
0.690717879911
printing diff
0.000149603480839
0.690668991794
printing diff
0.000145520674571
0.690619243624
printing diff
0.000141426081651
0.690568725442
printing diff
0.000137353420854
0.690517534303
printing diff
0.000133614068634
0.690465774196
printing diff
0.000129017424076
0.690413560005
printing diff
0.000124760354416
0.690360957675
printing diff
0.000120677473548
0.69030810969
printing diff
0.000116111414603
0.690255081027
printing diff
0.000112099850431
0.690201987313
printing diff
0.000107431739979
0.690148905013
printing diff
0.000103603614883
0.690095946771
printing diff
9.92215918063e-05
0.69004317249
printing diff
9.52022693333e-05
0.689990673704
printing diff
9.11724283936e-05
0.689938531202
printing diff
8.70863397667e-05
0.689886804292
printing diff
8.28899937368e-05
0.689835553474
printing diff
7.93137896494e-05
0.689784854464
printing diff
7.57807038155e-05
0.689734738894
printing diff
7.19143094049e-05
0.68968526674
printing diff
6.86298622208e-05
0.689636467097
printing diff
6.49505622397e-05
0.689588392333
printing diff
6.15642873456e-05
0.689541047521
printing diff
5.82318729692e-05
0.689494478688
printing diff
5.54436586975e-05
0.689448701798
printing diff
5.24907297127e-05
0.689403742589
printing diff
4.94473866736e-05
0.689359591213
printing diff
4.6252234558e-05
0.689316269155
printing diff
4.39412304397e-05
0.689273800957
printing diff
4.10565595902e-05
0.689232176326
printing diff
3.87857643623e-05
0.68919138974
printing diff
3.65782291332e-05
0.68915143471
printing diff
3.38669264869e-05
0.689112323843
printing diff
3.16350719657e-05
0.689074042965
printing diff
2.9406499803e-05
0.689036600357
printing diff
2.73523402303e-05
0.688999958047
printing diff
2.5430519381e-05
0.688964131329
printing diff
2.35790454401e-05
0.688929099464
printing diff
2.14020958234e-05
0.688894858125
printing diff
1.97229456991e-05
0.688861373294
printing diff
1.81018336395e-05
0.688828668845
printing diff
1.63015346504e-05
0.688796692109
printing diff
1.48556557704e-05
0.688765458604
printing diff
1.30622198943e-05
0.688734939086
printing diff
1.18401381787e-05
0.688705124082
printing diff
1.02488657411e-05
0.688676001357
printing diff
8.97717565407e-06
0.688647570389
printing diff
7.77105813632e-06
0.688619778586
printing diff
6.30876746432e-06
0.68859264691
printing diff
5.15173612459e-06
0.688566150221
printing diff
3.81790502502e-06
0.688540281805
printing diff
2.96307445613e-06
0.688515020775
printing diff
1.72032880252e-06
0.688490337738
printing diff
7.02200902647e-07
0.688466247167
printing diff
-3.91570438518e-07
0.688442732052
printing diff
-1.14569228349e-06
0.688419769643
printing diff
-2.33882956568e-06
0.688397349344
printing diff
-3.13017633891e-06
0.68837546795
printing diff
-4.06542468878e-06
0.688354109644
printing diff
-4.81753235904e-06
0.688333259282
printing diff
-5.44908795697e-06
0.688312911868
printing diff
-6.35606326516e-06
0.688293056434
printing diff
-7.08705940289e-06
0.688273672243
printing diff
-7.59313939069e-06
0.68825476459
printing diff
-8.33995052807e-06
0.688236306472
printing diff
-8.81246094109e-06
0.688218299752
printing diff
-9.5527073618e-06
0.688200739582
printing diff
-1.02343935244e-05
0.688183591721
printing diff
-1.05304771729e-05
0.688166879518
printing diff
-1.11581536199e-05
0.688150553515
printing diff
-1.14179075287e-05
0.688134652055
printing diff
-1.18573705604e-05
0.688119114937
printing diff
-1.20163411461e-05
0.688103967002
printing diff
-1.25909776652e-05
0.688089201015
printing diff
-1.28484190033e-05
0.68807478609
printing diff
-1.30312612865e-05
0.688060717529
printing diff
-1.30124623248e-05
0.688046993168
printing diff
-1.34100752868e-05
0.688033600922
printing diff
-1.34748272663e-05
0.688020535196
printing diff
-1.36276807295e-05
0.688007781592
printing diff
-1.34488667952e-05
0.687995306467
printing diff
-1.35580798115e-05
0.687983143389
printing diff
-1.36290235125e-05
0.687971252225
printing diff
-1.29782213586e-05
0.687959626336
printing diff
-1.34559537054e-05
0.687948267287
printing diff
-1.31998551504e-05
0.687937140689
printing diff
-1.28496125882e-05
0.687926265564
printing diff
-1.2628873985e-05
0.68791560894
printing diff
-1.2688851625e-05
0.687905171637
printing diff
-1.25698661327e-05
0.687894934334
printing diff
-1.19201829645e-05
0.687884909713
printing diff
-1.20343195184e-05
0.687875050702
printing diff
-1.14619955701e-05
0.687865385648
printing diff
-1.12602051268e-05
0.687855884713
printing diff
-1.1216937675e-05
0.687846547895
printing diff
-1.04810925986e-05
0.687837363707
printing diff
-1.06173850718e-05
0.687828320884
printing diff
-9.99052921435e-06
0.687819423604
printing diff
-9.95942140847e-06
0.687810641206
printing diff
-9.70705280612e-06
0.687801990402
printing diff
-9.35778003164e-06
0.687793458657
printing diff
-9.24662743995e-06
0.687785029859
printing diff
-8.96479221102e-06
0.687776713855
printing diff
-8.82559037474e-06
0.687768497739
printing diff
-8.72309127353e-06
0.6877603695
printing diff
-8.45490767154e-06
0.687752336301
printing diff
-8.21939845552e-06
0.687744403512
printing diff
-8.1744152256e-06
0.687736534282
printing diff
-7.78970789994e-06
0.687728750989
printing diff
-7.71742141592e-06
0.687721053337
printing diff
-7.75598912717e-06
0.687713414095
printing diff
-7.82156169643e-06
0.687705849154
printing diff
-7.60686561674e-06
0.687698363512
printing diff
-7.40746234318e-06
0.687690929865
printing diff
-7.16270284451e-06
0.687683563955
printing diff
-7.12443352946e-06
0.687676275701
printing diff
-7.22633583816e-06
0.687669025942
printing diff
-7.10033803475e-06
0.687661845111
printing diff
-7.29340038852e-06
0.687654714337
printing diff
-6.97463862731e-06
0.687647646971
printing diff
-6.73099811443e-06
0.687640633989
printing diff
-7.24095725302e-06
0.687633670391
printing diff
-6.75136365635e-06
0.687626768412
printing diff
-6.8455822626e-06
0.687619913206
printing diff
-6.86274004524e-06
0.687613104923
printing diff
-6.5546459489e-06
0.68760635162
printing diff
-6.74673851497e-06
0.687599637705
printing diff
-6.94740997242e-06
0.687592990258
printing diff
-6.61798054646e-06
0.687586370338
printing diff
-6.55061759991e-06
0.687579814424
printing diff
-6.59575002815e-06
0.687573291259
printing diff
-6.54860342542e-06
0.687566828295
printing diff
-6.46564927664e-06
0.687560405764
printing diff
-6.61805514546e-06
0.687554017996
printing diff
-6.55785370829e-06
0.687547681851
printing diff
-6.09944251662e-06
0.687541393225
printing diff
-6.50511217648e-06
0.687535136528
printing diff
-6.23498899921e-06
0.687528929066
printing diff
-6.08780506406e-06
0.687522771511
printing diff
-6.18038249101e-06
0.687516657148
printing diff
-6.38366491534e-06
0.68751057173
printing diff
-6.17538435443e-06
0.687504536816
printing diff
-6.12189683213e-06
0.687498531965
printing diff
-5.63327302316e-06
0.687492581049
printing diff
-6.27460109726e-06
0.687486656094
printing diff
-5.87176620137e-06
0.687480779777
printing diff
-5.69519023874e-06
0.687474945012
printing diff
-5.65662252738e-06
0.687469139639
printing diff
-5.93017726136e-06
0.687463373207
printing diff
-5.56628307202e-06
0.687457644074
printing diff
-5.49720434728e-06
0.68745196082
printing diff
-5.59716708071e-06
0.687446312701
printing diff
-5.38135201522e-06
0.687440696959
printing diff
-5.35106479904e-06
0.687435114115
printing diff
-5.32286635624e-06
0.68742956596
printing diff
-5.20567124118e-06
0.687424064802
printing diff
-5.27654034321e-06
0.687418590872
printing diff
-4.85207172152e-06
0.68741314723
printing diff
-5.20738701948e-06
0.687407746035
printing diff
-4.77456330361e-06
0.687402377737
printing diff
-4.70921453155e-06
0.687397038534
printing diff
-4.73047526217e-06
0.687391727976
printing diff
-4.74442528542e-06
0.687386451511
printing diff
-4.42857288752e-06
0.687381222639
printing diff
-4.82208290153e-06
0.687376008762
printing diff
-4.34703612051e-06
0.68737084039
printing diff
-4.33487647467e-06
0.687365690817
printing diff
-4.0331978971e-06
0.687360577798
printing diff
-4.15002001697e-06
0.687355505361
printing diff
-4.14047133779e-06
0.687350441502
printing diff
-3.95255631891e-06
0.687345422926
printing diff
-3.72189604148e-06
0.687340429712
printing diff
-4.09735308426e-06
0.687335466264
printing diff
-3.8742273113e-06
0.687330528627
printing diff
-3.38784147413e-06
0.68732563754
printing diff
-3.54464868735e-06
0.687320755256
printing diff
-3.57262333284e-06
0.687315894382
printing diff
-3.42581239299e-06
0.687311079013
printing diff
-3.24692385967e-06
0.687306288485
printing diff
-3.19030317697e-06
0.687301515489
printing diff
-3.28273140593e-06
0.687296786505
printing diff
-3.00910207296e-06
0.687292070726
printing diff
-3.09794954723e-06
0.687287384786
printing diff
-3.04132886464e-06
0.687282721525
printing diff
-2.60999712987e-06
0.687278087805
printing diff
-2.63841936976e-06
0.687273476464
printing diff
-2.81999346907e-06
0.687268898171
printing diff
-2.61126531387e-06
0.687264331067
printing diff
-2.54382776821e-06
0.687259794102
printing diff
-2.18746808356e-06
0.68725529011
printing diff
-2.39000451729e-06
0.6872508079
printing diff
-2.22379782322e-06
0.687246339566
printing diff
-2.18769188065e-06
0.68724191532
printing diff
-2.26355911948e-06
0.687237486598
printing diff
-1.95330165054e-06
0.687233097189
printing diff
-1.76516283434e-06
0.687228730459
printing diff
-2.13166799057e-06
0.687224388197
printing diff
-1.61298076262e-06
0.687220058095
printing diff
-1.92159705237e-06
0.687215770738
printing diff
-1.59462939509e-06
0.687211483829
printing diff
-1.27519624249e-06
0.687207220045
printing diff
-1.56255180161e-06
0.687202989757
printing diff
-1.63968722422e-06
0.687198780207
printing diff
-1.3809031032e-06
0.687194576475
printing diff
-1.08094030393e-06
0.687190405642
printing diff
-1.31883668952e-06
0.687186250997
printing diff
-1.11010853432e-06
0.687182126788
printing diff
-1.09921707225e-06
0.687178014366
printing diff
-1.21133945163e-06
0.687173932157
printing diff
-6.92876020891e-07
0.68716985957
printing diff
-1.09697910067e-06
0.687165808991
printing diff
-4.81984492984e-07
0.68716178288
printing diff
-1.02163405535e-06
0.687157770644
printing diff
-5.70458971949e-07
0.687153777805
printing diff
-5.77695080217e-07
0.687149800481
printing diff
-5.18985624254e-07
0.687145846881
printing diff
-5.27564515407e-07
0.687141906484
printing diff
-5.16076261059e-07
0.687137986901
printing diff
-4.10667796547e-07
0.687134095142
printing diff
-3.69638316511e-07
0.687130222109
printing diff
-2.86161974117e-07
0.687126343256
printing diff
-1.18687096262e-07
0.68712249775
printing diff
-1.32189524993e-07
0.687118684097
printing diff
2.64080654011e-08
0.687114871712
printing diff
-2.7362933297e-07
0.687111089764
printing diff
2.18202235169e-07
0.687107316544
printing diff
-1.63968722378e-07
0.687103557572
printing diff
2.14546881594e-07
0.687099816355
printing diff
1.92689358469e-07
0.687096090579
printing diff
2.86460370424e-07
0.687092385319
printing diff
4.46251545716e-07
0.687088694381
printing diff
3.2323770438e-07
0.687085018811
printing diff
2.64304451103e-07
0.687081367486
printing diff
4.44983361825e-07
0.687077726754
printing diff
5.45169892452e-07
0.687074099151
printing diff
4.76762559098e-07
0.6870704899
printing diff
3.76650627576e-07
0.687066900715
printing diff
7.08094228141e-07
0.687063326525
printing diff
9.41216274253e-07
0.687059757408
printing diff
5.02051638707e-07
0.687056210447
printing diff
9.32264387687e-07
0.687052683478
printing diff
7.13465360014e-07
0.687049159941
printing diff
7.92018164608e-07
0.687045655427
printing diff
1.16247707083e-06
0.687042170905
printing diff
5.9351007986e-07
0.687038714805
printing diff
9.27937642503e-07
0.687035254379
printing diff
9.90675447565e-07
0.687031809544
printing diff
1.26281279944e-06
0.68702837754
printing diff
9.95971980444e-07
0.687024965603
printing diff
1.09280155358e-06
0.687021581566
printing diff
1.14628907588e-06
0.687018179252
printing diff
1.36971324494e-06
0.687014805808
printing diff
1.36292473096e-06
0.687011445494
printing diff
1.07638976155e-06
0.687008098831
printing diff
1.38746782008e-06
0.687004768878
printing diff
1.57650182475e-06
0.687001453249
printing diff
1.35128727841e-06
0.686998149704
printing diff
1.26609515794e-06
0.686994856603
printing diff
1.53644213241e-06
0.686991591627
printing diff
1.29369680812e-06
0.686988317101
printing diff
1.56941491458e-06
0.686985066298
printing diff
1.64088080912e-06
0.686981830788
printing diff
1.5123466377e-06
0.686978595949
printing diff
1.67027283671e-06
0.686975387966
printing diff
1.67542017149e-06
0.686972200647
printing diff
1.55225713205e-06
0.686969004003
printing diff
1.85953063869e-06
0.686965833468
printing diff
1.6708696291e-06
0.686962675392
printing diff
1.75762832988e-06
0.686959522463
printing diff
1.71540526483e-06
0.686956382738
printing diff
1.67773274218e-06
0.686953258679
printing diff
2.02849749775e-06
0.686950136484
printing diff
1.88556570879e-06
0.686947043607
printing diff
2.01096671992e-06
0.686943947448
printing diff
1.70622958118e-06
0.686940873818
printing diff
2.11838935882e-06
0.686937808394
printing diff
2.03879216731e-06
0.686934754458
printing diff
1.88064217121e-06
0.686931709324
printing diff
1.97769554144e-06
0.686928679036
printing diff
2.00276082385e-06
0.686925664712
printing diff
1.97575596605e-06
0.686922643599
printing diff
2.21693471025e-06
0.686919655236
printing diff
2.0164124509e-06
0.68691665337
printing diff
2.16128381525e-06
0.686913672093
printing diff
2.32689371693e-06
0.686910709466
printing diff
2.26027676109e-06
0.686907766086
printing diff
2.48474531683e-06
0.686904811889
printing diff
1.90585665172e-06
0.686901880295
printing diff
2.30041105254e-06
0.686898966456
printing diff
2.23767324736e-06
0.686896057242
printing diff
2.32346216045e-06
0.686893146536
printing diff
2.30167923643e-06
0.68689025724
printing diff
2.45095194507e-06
0.686887373987
printing diff
2.11480860413e-06
0.686884506474
printing diff
2.32875869333e-06
0.686881645302
printing diff
2.63207845008e-06
0.68687880815
printing diff
2.40380534244e-06
0.686875947948
printing diff
2.2287959599e-06
0.686873126537
printing diff
2.57791953628e-06
0.686870296995
printing diff
2.30548378821e-06
0.68686748655
printing diff
2.4149206016e-06
0.686864707736
printing diff
2.31413727858e-06
0.686861902736
printing diff
2.60492439408e-06
0.686859126682
printing diff
2.76314898939e-06
0.686856354656
printing diff
2.45953083633e-06
0.686853583524
printing diff
2.4938464015e-06
0.686850854915
printing diff
2.50272368907e-06
0.686848094675
printing diff
2.41917274779e-06
0.686845360769
printing diff
2.85647240683e-06
0.686842634397
printing diff
2.69996358992e-06
0.686839920558
printing diff
2.45296611956e-06
0.686837220893
printing diff
2.61641264854e-06
0.686834528091
printing diff
2.59619630472e-06
0.686831834021
printing diff
2.8126827617e-06
0.68682915211
printing diff
2.68735634967e-06
0.686826498622
printing diff
2.6798964442e-06
0.686823835585
printing diff
2.68683415627e-06
0.686821179635
printing diff
2.79858354035e-06
0.68681853204
printing diff
2.47937418496e-06
0.686815895784
printing diff
2.81708410599e-06
0.686813278625
printing diff
2.51816569341e-06
0.686810657363
printing diff
2.85363764274e-06
0.686808050201
printing diff
2.88302967044e-06
0.68680543901
printing diff
2.8394638224e-06
0.686802868998
printing diff
2.52577479698e-06
0.686800279963
printing diff
2.85498042574e-06
0.686797711966
printing diff
2.84543174678e-06
0.686795154113
printing diff
2.87034783109e-06
0.686792585817
printing diff
2.66960177464e-06
0.686790038035
printing diff
3.2360323976e-06
0.686787485181
printing diff
2.66728920395e-06
0.686784966046
printing diff
2.90578238205e-06
0.686782433781
printing diff
2.90175403317e-06
0.686779920688
printing diff
2.61253349776e-06
0.686777422589
printing diff
3.04222405323e-06
0.686774914644
printing diff
2.77836719653e-06
0.686772415575
printing diff
2.9990312006e-06
0.686769931128
printing diff
2.94062014072e-06
0.686767454589
printing diff
2.8385686337e-06
0.686764981779
printing diff
3.00305954948e-06
0.686762517922
printing diff
3.00880367676e-06
0.686760064284
printing diff
2.75792705551e-06
0.686757628998
printing diff
2.76053802239e-06
0.686755194757
printing diff
3.23647999201e-06
0.68675276238
printing diff
2.82402181806e-06
0.68675033336
printing diff
2.79403299797e-06
0.686747928361
printing diff
2.84528254868e-06
0.686745510755
printing diff
3.30339534416e-06
0.686743109784
printing diff
2.84214938828e-06
0.686740705904
printing diff
3.04878877011e-06
0.686738323509
printing diff
3.079821977e-06
0.686735927611
printing diff
2.98791594133e-06
0.686733567222
printing diff
2.98082903127e-06
0.686731203327
printing diff
2.86258952931e-06
0.686728856217
printing diff
3.17142961626e-06
0.686726502692
printing diff
2.82409641705e-06
0.686724159834
printing diff
3.06244039716e-06
0.68672182548
printing diff
3.03267537427e-06
0.686719494782
printing diff
2.91421207532e-06
0.686717176393
printing diff
3.04356683622e-06
0.686714865911
printing diff
3.10690143379e-06
0.686712547148
printing diff
3.06363398206e-06
0.686710245544
printing diff
2.99462985631e-06
0.686707946998
printing diff
3.13771084348e-06
0.686705645468
printing diff
2.98679695554e-06
0.686703372509
printing diff
3.13778544248e-06
0.686701091344
printing diff
3.27273513268e-06
0.686698831814
printing diff
2.67691248201e-06
0.686696568926
printing diff
2.9708327578e-06
0.686694319541
printing diff
3.16411890888e-06
0.68669206471
printing diff
3.29347366979e-06
0.686689808685
printing diff
3.28049343423e-06
0.686687578919
printing diff
2.88012030725e-06
0.686685350795
printing diff
2.90608077835e-06
0.68668313662
printing diff
3.16643147957e-06
0.686680908272
printing diff
3.11570412226e-06
0.686678697081
printing diff
2.95874771095e-06
0.686676490367
printing diff
3.0789267883e-06
0.68667429805
printing diff
3.13405548968e-06
0.686672113715
printing diff
3.291011901e-06
0.68666992274
printing diff
3.02215690762e-06
0.686667746313
printing diff
3.00857987956e-06
0.686665579509
printing diff
3.16799805966e-06
0.686663415241
printing diff
3.08944525496e-06
0.686661227325
printing diff
3.08981825026e-06
0.686659081334
printing diff
2.88138849125e-06
0.686656921095
printing diff
3.22954227983e-06
0.686654802855
printing diff
2.99552504501e-06
0.68665264269
printing diff
3.42842335987e-06
0.686650519004
printing diff
2.99806141291e-06
0.686648388604
printing diff
3.24960942566e-06
0.686646273423
printing diff
3.07445084491e-06
0.686644166223
printing diff
3.08631209467e-06
0.686642055667
printing diff
3.04416362873e-06
0.686639953316
printing diff
2.98269400756e-06
0.686637866781
printing diff
3.31533119291e-06
0.686635779424
printing diff
2.80895280902e-06
0.686633680356
printing diff
3.12450681073e-06
0.686631609337
printing diff
3.16225393238e-06
0.686629533693
printing diff
3.12756537202e-06
0.686627459765
printing diff
3.21126551139e-06
0.686625403442
printing diff
2.973667522e-06
0.686623343986
printing diff
3.35583847966e-06
0.686621283411
printing diff
3.15054188083e-06
0.686619233727
printing diff
2.92943028246e-06
0.686617198516
printing diff
3.16762506436e-06
0.686615163528
printing diff
3.40037411539e-06
0.686613110935
printing diff
2.82417101616e-06
0.686611103101
printing diff
3.09891933492e-06
0.686609076842
printing diff
3.3165247777e-06
0.686607070575
printing diff
2.97120575321e-06
0.686605057892
printing diff
3.25050461425e-06
0.68660306289
printing diff
3.08340273147e-06
0.686601055952
printing diff
3.2108925162e-06
0.686599058114
printing diff
3.10705063189e-06
0.686597070646
printing diff
3.08049336839e-06
0.686595092354
printing diff
2.90167943418e-06
0.68659313025
printing diff
3.1055586508e-06
0.686591140544
printing diff
3.24617786907e-06
0.686589176127
printing diff
3.14785631483e-06
0.686587193433
printing diff
3.17605475764e-06
0.686585242966
printing diff
3.10727442909e-06
0.68658327288
printing diff
2.94614047069e-06
0.686581349343
printing diff
3.08325353338e-06
0.686579403277
printing diff
3.41253376135e-06
0.686577477279
printing diff
2.8903403777e-06
0.686575540986
printing diff
3.28355199553e-06
0.686573602903
printing diff
3.09317520775e-06
0.68657166467
printing diff
3.28668515581e-06
0.686569744565
printing diff
2.89019117972e-06
0.68656785318
printing diff
3.0244694782e-06
0.686565946503
printing diff
3.18664782339e-06
0.68656403341
printing diff
3.08608829747e-06
0.686562154633
printing diff
2.98925872444e-06
0.686560247956
printing diff
3.37956097907e-06
0.68655835038
printing diff
3.04520801542e-06
0.686556461084
printing diff
3.20365640794e-06
0.686554587305
printing diff
2.87676334976e-06
0.686552710393
printing diff
3.12868435781e-06
0.686550839971
printing diff
3.1813512904e-06
0.686548961492
printing diff
2.93301103715e-06
0.68654711427
printing diff
3.28332819832e-06
0.686545244967
printing diff
2.88847540142e-06
0.686543394015
printing diff
3.18164968671e-06
max epoch reached. break the loop:
Traceback (most recent call last):
  File "/usr/local/lib/python3.4/dist-packages/tensorflow/python/client/session.py", line 715, in _do_call
    return fn(*args)
  File "/usr/local/lib/python3.4/dist-packages/tensorflow/python/client/session.py", line 697, in _run_fn
    status, run_metadata)
  File "/usr/lib/python3.4/contextlib.py", line 66, in __exit__
    next(self.gen)
  File "/usr/local/lib/python3.4/dist-packages/tensorflow/python/framework/errors.py", line 450, in raise_exception_on_not_ok_status
    pywrap_tensorflow.TF_GetCode(status))
tensorflow.python.framework.errors.NotFoundError: my_model-0.tempstate4029975101747397268
	 [[Node: save/save = SaveSlices[T=[DT_FLOAT, DT_FLOAT, DT_FLOAT, DT_FLOAT, DT_FLOAT, DT_FLOAT, DT_FLOAT, DT_FLOAT, DT_FLOAT, DT_FLOAT, DT_FLOAT, DT_FLOAT, DT_FLOAT, DT_FLOAT], _device="/job:localhost/replica:0/task:0/cpu:0"](_recv_save/Const_0, save/save/tensor_names, save/save/shapes_and_slices, BasicRNNCell/Linear/Bias/_1436636, BasicRNNCell/Linear/Bias/Adam/_1436638, BasicRNNCell/Linear/Bias/Adam_1/_1436640, BasicRNNCell/Linear/Matrix/_1436642, BasicRNNCell/Linear/Matrix/Adam/_1436644, BasicRNNCell/Linear/Matrix/Adam_1/_1436646, beta1_power/_1436648, beta2_power/_1436650, biases/_1436652, biases/Adam/_1436654, biases/Adam_1/_1436656, weights/_1436658, weights/Adam/_1436660, weights/Adam_1/_1436662)]]

During handling of the above exception, another exception occurred:

Traceback (most recent call last):
  File "/home/yutaro/parity_experiment/results/2016-07-13/../../src/rnn_simple.py", line 228, in <module>
    saver.save(session, 'my_model', global_step=0)
  File "/usr/local/lib/python3.4/dist-packages/tensorflow/python/training/saver.py", line 1051, in save
    {self.saver_def.filename_tensor_name: checkpoint_file})
  File "/usr/local/lib/python3.4/dist-packages/tensorflow/python/client/session.py", line 372, in run
    run_metadata_ptr)
  File "/usr/local/lib/python3.4/dist-packages/tensorflow/python/client/session.py", line 636, in _run
    feed_dict_string, options, run_metadata)
  File "/usr/local/lib/python3.4/dist-packages/tensorflow/python/client/session.py", line 708, in _do_run
    target_list, options, run_metadata)
  File "/usr/local/lib/python3.4/dist-packages/tensorflow/python/client/session.py", line 728, in _do_call
    raise type(e)(node_def, op, message)
tensorflow.python.framework.errors.NotFoundError: my_model-0.tempstate4029975101747397268
	 [[Node: save/save = SaveSlices[T=[DT_FLOAT, DT_FLOAT, DT_FLOAT, DT_FLOAT, DT_FLOAT, DT_FLOAT, DT_FLOAT, DT_FLOAT, DT_FLOAT, DT_FLOAT, DT_FLOAT, DT_FLOAT, DT_FLOAT, DT_FLOAT], _device="/job:localhost/replica:0/task:0/cpu:0"](_recv_save/Const_0, save/save/tensor_names, save/save/shapes_and_slices, BasicRNNCell/Linear/Bias/_1436636, BasicRNNCell/Linear/Bias/Adam/_1436638, BasicRNNCell/Linear/Bias/Adam_1/_1436640, BasicRNNCell/Linear/Matrix/_1436642, BasicRNNCell/Linear/Matrix/Adam/_1436644, BasicRNNCell/Linear/Matrix/Adam_1/_1436646, beta1_power/_1436648, beta2_power/_1436650, biases/_1436652, biases/Adam/_1436654, biases/Adam_1/_1436656, weights/_1436658, weights/Adam/_1436660, weights/Adam_1/_1436662)]]
Caused by op 'save/save', defined at:
  File "/home/yutaro/parity_experiment/results/2016-07-13/../../src/rnn_simple.py", line 152, in <module>
    saver = tf.train.Saver()
  File "/usr/local/lib/python3.4/dist-packages/tensorflow/python/training/saver.py", line 845, in __init__
    restore_sequentially=restore_sequentially)
  File "/usr/local/lib/python3.4/dist-packages/tensorflow/python/training/saver.py", line 513, in build
    save_tensor = self._AddSaveOps(filename_tensor, vars_to_save)
  File "/usr/local/lib/python3.4/dist-packages/tensorflow/python/training/saver.py", line 212, in _AddSaveOps
    save = self.save_op(filename_tensor, vars_to_save)
  File "/usr/local/lib/python3.4/dist-packages/tensorflow/python/training/saver.py", line 164, in save_op
    tensor_slices=[vs.slice_spec for vs in vars_to_save])
  File "/usr/local/lib/python3.4/dist-packages/tensorflow/python/ops/io_ops.py", line 178, in _save
    tensors, name=name)
  File "/usr/local/lib/python3.4/dist-packages/tensorflow/python/ops/gen_io_ops.py", line 437, in _save_slices
    data=data, name=name)
  File "/usr/local/lib/python3.4/dist-packages/tensorflow/python/ops/op_def_library.py", line 711, in apply_op
    op_def=op_def)
  File "/usr/local/lib/python3.4/dist-packages/tensorflow/python/framework/ops.py", line 2260, in create_op
    original_op=self._default_original_op, op_def=op_def)
  File "/usr/local/lib/python3.4/dist-packages/tensorflow/python/framework/ops.py", line 1230, in __init__
    self._traceback = _extract_stack()

Error in sys.excepthook:
Traceback (most recent call last):
  File "/usr/lib/python3/dist-packages/apport_python_hook.py", line 67, in apport_excepthook
    binary = os.path.realpath(os.path.join(os.getcwd(), sys.argv[0]))
FileNotFoundError: [Errno 2] No such file or directory

Original exception was:
Traceback (most recent call last):
  File "/usr/local/lib/python3.4/dist-packages/tensorflow/python/client/session.py", line 715, in _do_call
    return fn(*args)
  File "/usr/local/lib/python3.4/dist-packages/tensorflow/python/client/session.py", line 697, in _run_fn
    status, run_metadata)
  File "/usr/lib/python3.4/contextlib.py", line 66, in __exit__
    next(self.gen)
  File "/usr/local/lib/python3.4/dist-packages/tensorflow/python/framework/errors.py", line 450, in raise_exception_on_not_ok_status
    pywrap_tensorflow.TF_GetCode(status))
tensorflow.python.framework.errors.NotFoundError: my_model-0.tempstate4029975101747397268
	 [[Node: save/save = SaveSlices[T=[DT_FLOAT, DT_FLOAT, DT_FLOAT, DT_FLOAT, DT_FLOAT, DT_FLOAT, DT_FLOAT, DT_FLOAT, DT_FLOAT, DT_FLOAT, DT_FLOAT, DT_FLOAT, DT_FLOAT, DT_FLOAT], _device="/job:localhost/replica:0/task:0/cpu:0"](_recv_save/Const_0, save/save/tensor_names, save/save/shapes_and_slices, BasicRNNCell/Linear/Bias/_1436636, BasicRNNCell/Linear/Bias/Adam/_1436638, BasicRNNCell/Linear/Bias/Adam_1/_1436640, BasicRNNCell/Linear/Matrix/_1436642, BasicRNNCell/Linear/Matrix/Adam/_1436644, BasicRNNCell/Linear/Matrix/Adam_1/_1436646, beta1_power/_1436648, beta2_power/_1436650, biases/_1436652, biases/Adam/_1436654, biases/Adam_1/_1436656, weights/_1436658, weights/Adam/_1436660, weights/Adam_1/_1436662)]]

During handling of the above exception, another exception occurred:

Traceback (most recent call last):
  File "/home/yutaro/parity_experiment/results/2016-07-13/../../src/rnn_simple.py", line 228, in <module>
    saver.save(session, 'my_model', global_step=0)
  File "/usr/local/lib/python3.4/dist-packages/tensorflow/python/training/saver.py", line 1051, in save
    {self.saver_def.filename_tensor_name: checkpoint_file})
  File "/usr/local/lib/python3.4/dist-packages/tensorflow/python/client/session.py", line 372, in run
    run_metadata_ptr)
  File "/usr/local/lib/python3.4/dist-packages/tensorflow/python/client/session.py", line 636, in _run
    feed_dict_string, options, run_metadata)
  File "/usr/local/lib/python3.4/dist-packages/tensorflow/python/client/session.py", line 708, in _do_run
    target_list, options, run_metadata)
  File "/usr/local/lib/python3.4/dist-packages/tensorflow/python/client/session.py", line 728, in _do_call
    raise type(e)(node_def, op, message)
tensorflow.python.framework.errors.NotFoundError: my_model-0.tempstate4029975101747397268
	 [[Node: save/save = SaveSlices[T=[DT_FLOAT, DT_FLOAT, DT_FLOAT, DT_FLOAT, DT_FLOAT, DT_FLOAT, DT_FLOAT, DT_FLOAT, DT_FLOAT, DT_FLOAT, DT_FLOAT, DT_FLOAT, DT_FLOAT, DT_FLOAT], _device="/job:localhost/replica:0/task:0/cpu:0"](_recv_save/Const_0, save/save/tensor_names, save/save/shapes_and_slices, BasicRNNCell/Linear/Bias/_1436636, BasicRNNCell/Linear/Bias/Adam/_1436638, BasicRNNCell/Linear/Bias/Adam_1/_1436640, BasicRNNCell/Linear/Matrix/_1436642, BasicRNNCell/Linear/Matrix/Adam/_1436644, BasicRNNCell/Linear/Matrix/Adam_1/_1436646, beta1_power/_1436648, beta2_power/_1436650, biases/_1436652, biases/Adam/_1436654, biases/Adam_1/_1436656, weights/_1436658, weights/Adam/_1436660, weights/Adam_1/_1436662)]]
Caused by op 'save/save', defined at:
  File "/home/yutaro/parity_experiment/results/2016-07-13/../../src/rnn_simple.py", line 152, in <module>
    saver = tf.train.Saver()
  File "/usr/local/lib/python3.4/dist-packages/tensorflow/python/training/saver.py", line 845, in __init__
    restore_sequentially=restore_sequentially)
  File "/usr/local/lib/python3.4/dist-packages/tensorflow/python/training/saver.py", line 513, in build
    save_tensor = self._AddSaveOps(filename_tensor, vars_to_save)
  File "/usr/local/lib/python3.4/dist-packages/tensorflow/python/training/saver.py", line 212, in _AddSaveOps
    save = self.save_op(filename_tensor, vars_to_save)
  File "/usr/local/lib/python3.4/dist-packages/tensorflow/python/training/saver.py", line 164, in save_op
    tensor_slices=[vs.slice_spec for vs in vars_to_save])
  File "/usr/local/lib/python3.4/dist-packages/tensorflow/python/ops/io_ops.py", line 178, in _save
    tensors, name=name)
  File "/usr/local/lib/python3.4/dist-packages/tensorflow/python/ops/gen_io_ops.py", line 437, in _save_slices
    data=data, name=name)
  File "/usr/local/lib/python3.4/dist-packages/tensorflow/python/ops/op_def_library.py", line 711, in apply_op
    op_def=op_def)
  File "/usr/local/lib/python3.4/dist-packages/tensorflow/python/framework/ops.py", line 2260, in create_op
    original_op=self._default_original_op, op_def=op_def)
  File "/usr/local/lib/python3.4/dist-packages/tensorflow/python/framework/ops.py", line 1230, in __init__
    self._traceback = _extract_stack()

